{
  "RSpec": {
    "coverage": {
      "/Users/pgupta/hackathon/config/environment.rb": {
        "lines": [
          null,
          1,
          null,
          null,
          1
        ]
      },
      "/Users/pgupta/hackathon/config/application.rb": {
        "lines": [
          1,
          null,
          1,
          null,
          null,
          null,
          1,
          null,
          1,
          1,
          null,
          null,
          null,
          null,
          null
        ]
      },
      "/Users/pgupta/hackathon/config/boot.rb": {
        "lines": [
          1,
          null,
          1
        ]
      },
      "/Users/pgupta/hackathon/config/environments/test.rb": {
        "lines": [
          1,
          null,
          null,
          null,
          null,
          null,
          null,
          1,
          null,
          null,
          null,
          null,
          1,
          null,
          null,
          1,
          1,
          null,
          null,
          null,
          null,
          1,
          1,
          null,
          null,
          1,
          null,
          null,
          1,
          1,
          null,
          null,
          null,
          null,
          1,
          null,
          null,
          1,
          null,
          null,
          null,
          null
        ]
      },
      "/Users/pgupta/hackathon/config/initializers/application_controller_renderer.rb": {
        "lines": [
          null,
          null,
          null,
          null,
          null,
          null,
          null,
          null
        ]
      },
      "/Users/pgupta/hackathon/config/initializers/assets.rb": {
        "lines": [
          null,
          null,
          null,
          1,
          null,
          null,
          null,
          null,
          null,
          null,
          null
        ]
      },
      "/Users/pgupta/hackathon/config/initializers/backtrace_silencers.rb": {
        "lines": [
          null,
          null,
          null,
          null,
          null,
          null,
          null
        ]
      },
      "/Users/pgupta/hackathon/config/initializers/cookies_serializer.rb": {
        "lines": [
          null,
          null,
          null,
          null,
          1
        ]
      },
      "/Users/pgupta/hackathon/config/initializers/devise.rb": {
        "lines": [
          null,
          null,
          null,
          null,
          null,
          null,
          null,
          null,
          null,
          null,
          1,
          null,
          null,
          null,
          null,
          null,
          null,
          null,
          null,
          null,
          null,
          null,
          null,
          null,
          null,
          null,
          1,
          null,
          null,
          null,
          null,
          null,
          null,
          null,
          null,
          null,
          null,
          null,
          1,
          null,
          null,
          null,
          null,
          null,
          null,
          null,
          null,
          null,
          1,
          null,
          null,
          null,
          null,
          null,
          null,
          null,
          null,
          null,
          null,
          null,
          1,
          null,
          null,
          null,
          null,
          1,
          null,
          null,
          null,
          null,
          null,
          null,
          null,
          null,
          null,
          null,
          null,
          null,
          null,
          null,
          null,
          null,
          null,
          null,
          null,
          null,
          null,
          null,
          null,
          null,
          null,
          null,
          null,
          null,
          null,
          null,
          null,
          null,
          null,
          1,
          null,
          null,
          null,
          null,
          null,
          null,
          null,
          null,
          null,
          null,
          null,
          null,
          null,
          null,
          null,
          null,
          null,
          null,
          null,
          null,
          null,
          null,
          null,
          null,
          null,
          1,
          null,
          null,
          null,
          null,
          null,
          null,
          null,
          null,
          null,
          null,
          null,
          null,
          null,
          null,
          null,
          null,
          null,
          null,
          null,
          null,
          null,
          null,
          null,
          null,
          null,
          null,
          null,
          null,
          null,
          null,
          null,
          null,
          null,
          1,
          null,
          null,
          1,
          null,
          null,
          null,
          null,
          null,
          null,
          1,
          null,
          null,
          null,
          null,
          null,
          null,
          null,
          null,
          null,
          null,
          1,
          null,
          null,
          null,
          null,
          1,
          null,
          null,
          null,
          null,
          null,
          null,
          null,
          null,
          null,
          null,
          null,
          null,
          null,
          null,
          null,
          null,
          null,
          null,
          null,
          null,
          null,
          null,
          null,
          null,
          null,
          null,
          null,
          null,
          null,
          null,
          null,
          null,
          null,
          null,
          null,
          1,
          null,
          null,
          null,
          null,
          1,
          null,
          null,
          null,
          null,
          null,
          null,
          null,
          null,
          null,
          null,
          null,
          null,
          null,
          null,
          null,
          null,
          null,
          null,
          null,
          1,
          null,
          null,
          null,
          null,
          null,
          null,
          null,
          null,
          null,
          null,
          null,
          null,
          null,
          null,
          null,
          null,
          null,
          null,
          null,
          null,
          null,
          1,
          null,
          null,
          null,
          null,
          null,
          null,
          null,
          null,
          null,
          null,
          null,
          null,
          null,
          null,
          null,
          null,
          null,
          null,
          null,
          null,
          null,
          null,
          null,
          null,
          null,
          null,
          null,
          null,
          null,
          null,
          null,
          null,
          null,
          null,
          null,
          null,
          null,
          null,
          null,
          null,
          null,
          null
        ]
      },
      "/Users/pgupta/hackathon/config/initializers/filter_parameter_logging.rb": {
        "lines": [
          null,
          null,
          null,
          1
        ]
      },
      "/Users/pgupta/hackathon/config/initializers/inflections.rb": {
        "lines": [
          null,
          null,
          null,
          null,
          null,
          null,
          null,
          null,
          null,
          null,
          null,
          null,
          null,
          null,
          null,
          null
        ]
      },
      "/Users/pgupta/hackathon/config/initializers/mime_types.rb": {
        "lines": [
          null,
          null,
          null,
          null
        ]
      },
      "/Users/pgupta/hackathon/config/initializers/new_framework_defaults.rb": {
        "lines": [
          null,
          null,
          null,
          null,
          null,
          null,
          1,
          null,
          null,
          1,
          null,
          null,
          1,
          null,
          null,
          null,
          1,
          null,
          null,
          1,
          null,
          null,
          1,
          null,
          null,
          1
        ]
      },
      "/Users/pgupta/hackathon/config/initializers/session_store.rb": {
        "lines": [
          null,
          null,
          1
        ]
      },
      "/Users/pgupta/hackathon/config/initializers/wrap_parameters.rb": {
        "lines": [
          null,
          null,
          null,
          null,
          null,
          null,
          1,
          2,
          null,
          null,
          null,
          null,
          null,
          null
        ]
      },
      "/Users/pgupta/hackathon/spec/factories/challenges.rb": {
        "lines": [
          1,
          1,
          27,
          27,
          27,
          1,
          null,
          null
        ]
      },
      "/Users/pgupta/hackathon/spec/factories/collaborator.rb": {
        "lines": [
          1,
          1,
          null,
          null
        ]
      },
      "/Users/pgupta/hackathon/spec/factories/employee.rb": {
        "lines": [
          1,
          1,
          26,
          26,
          26,
          26,
          26,
          null,
          null
        ]
      },
      "/Users/pgupta/hackathon/spec/factories/tags.rb": {
        "lines": [
          1,
          1,
          1,
          null,
          null
        ]
      },
      "/Users/pgupta/hackathon/spec/factories/votes.rb": {
        "lines": [
          1,
          1,
          1,
          1,
          null,
          null
        ]
      },
      "/Users/pgupta/hackathon/config/routes.rb": {
        "lines": [
          1,
          1,
          1,
          1,
          1,
          1,
          1,
          1,
          1,
          1,
          1,
          null,
          null,
          null
        ]
      },
      "/Users/pgupta/hackathon/app/models/employee.rb": {
        "lines": [
          1,
          null,
          null,
          1,
          null,
          1,
          1,
          1,
          1,
          1,
          null,
          1,
          null,
          1,
          0,
          null,
          null,
          1,
          0,
          0,
          0,
          null,
          0,
          0,
          null,
          0,
          null,
          null,
          null,
          null
        ]
      },
      "/Users/pgupta/hackathon/app/models/application_record.rb": {
        "lines": [
          1,
          1,
          null
        ]
      },
      "/Users/pgupta/hackathon/app/helpers/application_helper.rb": {
        "lines": [
          1,
          null
        ]
      },
      "/Users/pgupta/hackathon/app/helpers/challenge_helper.rb": {
        "lines": [
          1,
          null
        ]
      },
      "/Users/pgupta/hackathon/spec/support/factory_bot.rb": {
        "lines": [
          1,
          1,
          null
        ]
      },
      "/Users/pgupta/hackathon/app/models/challenge.rb": {
        "lines": [
          1,
          1,
          1,
          1,
          1,
          null,
          1,
          1,
          null,
          1,
          1,
          null,
          null,
          1,
          1,
          null,
          null,
          1,
          6,
          6,
          6,
          6,
          null,
          6,
          null,
          null
        ]
      },
      "/Users/pgupta/hackathon/spec/models/collaborator_spec.rb": {
        "lines": [
          1,
          1,
          1,
          2,
          2,
          null,
          null
        ]
      },
      "/Users/pgupta/hackathon/app/models/collaborator.rb": {
        "lines": [
          1,
          1,
          1,
          null
        ]
      },
      "/Users/pgupta/hackathon/spec/models/employee_spec.rb": {
        "lines": [
          1,
          1,
          1,
          2,
          2,
          null,
          1,
          2,
          2,
          2,
          null,
          null
        ]
      },
      "/Users/pgupta/hackathon/spec/models/tag_spec.rb": {
        "lines": [

        ]
      },
      "/Users/pgupta/hackathon/spec/models/vote_spec.rb": {
        "lines": [
          1,
          null,
          1,
          2,
          2,
          null,
          null,
          null
        ]
      },
      "/Users/pgupta/hackathon/app/models/vote.rb": {
        "lines": [
          1,
          1,
          1,
          null
        ]
      },
      "/Users/pgupta/hackathon/spec/requests/challenge_request_spec.rb": {
        "lines": [
          1,
          null,
          1,
          7,
          7,
          7,
          7,
          1,
          6,
          6,
          null,
          null,
          1,
          null,
          1,
          1,
          1,
          1,
          null,
          null,
          null,
          1,
          1,
          2,
          null,
          null,
          null,
          1,
          1,
          2,
          null,
          null,
          null,
          1,
          1,
          2,
          null,
          null,
          null,
          1,
          1,
          2,
          null,
          null,
          null,
          1,
          1,
          2,
          null,
          null,
          null
        ]
      },
      "/Users/pgupta/hackathon/spec/services/collab_service_spec.rb": {
        "lines": [
          1,
          null,
          1,
          3,
          3,
          null,
          1,
          1,
          1,
          1,
          null,
          null,
          1,
          1,
          1,
          null,
          null,
          null
        ]
      },
      "/Users/pgupta/hackathon/spec/services/vote_service_spec.rb": {
        "lines": [
          1,
          null,
          1,
          3,
          3,
          null,
          1,
          1,
          1,
          1,
          null,
          null,
          1,
          1,
          1,
          1,
          null,
          null,
          null
        ]
      },
      "/Users/pgupta/hackathon/spec/views/_challengeform.html.erb_spec.rb": {
        "lines": [
          1,
          null,
          1,
          1,
          3,
          3,
          3,
          3,
          null,
          1,
          1,
          1,
          null,
          1,
          null,
          null,
          1,
          1,
          1,
          1,
          1,
          1,
          1,
          1,
          null,
          null
        ]
      },
      "/Users/pgupta/hackathon/spec/views/_table.html.erb_spec.rb": {
        "lines": [
          1,
          null,
          1,
          1,
          3,
          3,
          3,
          3,
          1,
          2,
          null,
          null,
          1,
          1,
          null,
          1,
          null,
          1,
          null,
          null,
          1,
          1,
          1,
          1,
          1,
          1,
          1,
          1,
          1,
          1,
          null,
          null
        ]
      },
      "/Users/pgupta/hackathon/spec/views/index.html.erb_spec.rb": {
        "lines": [
          1,
          null,
          1,
          1,
          3,
          3,
          3,
          3,
          1,
          2,
          2,
          2,
          null,
          null,
          1,
          1,
          null,
          null,
          1,
          1,
          1,
          1,
          null,
          null,
          null
        ]
      },
      "/Users/pgupta/hackathon/app/controllers/challenges_controller.rb": {
        "lines": [
          1,
          1,
          1,
          null,
          1,
          null,
          null,
          1,
          null,
          null,
          1,
          1,
          1,
          1,
          1,
          null,
          null,
          null,
          1,
          1,
          1,
          null,
          null,
          null,
          1,
          1,
          1,
          null,
          null,
          null,
          1,
          1,
          1,
          null,
          null,
          null,
          1,
          1,
          1,
          null,
          null,
          null,
          1,
          null,
          1,
          5,
          null,
          null,
          1,
          1,
          null,
          null
        ]
      },
      "/Users/pgupta/hackathon/app/controllers/application_controller.rb": {
        "lines": [
          1,
          1,
          1,
          null,
          1,
          null,
          1,
          0,
          0,
          0,
          null,
          null,
          null
        ]
      },
      "/Users/pgupta/hackathon/app/queries/find_challenges.rb": {
        "lines": [
          1,
          1,
          1,
          null,
          null,
          1,
          1,
          null,
          null
        ]
      },
      "/Users/pgupta/hackathon/app/models/tag.rb": {
        "lines": [
          1,
          null
        ]
      },
      "/Users/pgupta/hackathon/app/services/vote_service.rb": {
        "lines": [
          1,
          1,
          4,
          4,
          null,
          null,
          1,
          2,
          2,
          2,
          null,
          null,
          null,
          1,
          2,
          2,
          2,
          2,
          null,
          null,
          null
        ]
      },
      "/Users/pgupta/hackathon/app/services/collab_service.rb": {
        "lines": [
          1,
          1,
          4,
          4,
          null,
          null,
          1,
          2,
          2,
          2,
          null,
          null,
          null,
          1,
          2,
          2,
          2,
          2,
          null,
          null,
          null
        ]
      }
    },
    "timestamp": 1614116243
  }
}
